1709698700739:help
1709698707207:quit
1709698911777:hi
1709698923194:hi --name 你好
1709698939567:ni wcg
1709698950576:ni --name wcg
1709698961449:hi --name wcg
1709711898586:h
1709711902096:help
1709711944281:add
1709711963222:add --path file:\\project\\xiaolan-framework-ai\\bundle\\xiaolan-ai-plugins-0.0.1-SNAPSHOT.jar
1709711993949:add --path file:\\\\project\\\\xiaolan-framework-ai\\\\bundle\\\\xiaolan-ai-plugins-0.0.1-SNAPSHOT.jar
1709712013917:hi 你好
1709712108960:add --path file:\\\\project\\\\xiaolan-framework-ai\\\\bundle\\\\xiaolan-ai-plugins-0.0.1-SNAPSHOT.jar
1709712113723:hi 你好
1709712464153:add --path file:\\\\project\\\\xiaolan-framework-ai\\\\xiaolan-ai-plugins\\\\target\\\\xiaolan-ai-plugins-0.0.1-SNAPSHOT.jar
1709712467616:hi 1
1709712475664:hi --name 1
1709712521089:add --path file:\\\\project\\\\xiaolan-framework-ai\\\\xiaolan-ai-plugins\\\\target\\\\xiaolan-ai-plugins-0.0.1-SNAPSHOT.jar
1709712523936:hi 1
1709712554027:add --path file:\\\\project\\\\xiaolan-framework-ai\\\\xiaolan-ai-plugins\\\\target\\\\xiaolan-ai-plugins-0.0.1-SNAPSHOT.jar
1709712559773:hi 1
1709712580940:add file:\\\\project\\\\xiaolan-framework-ai\\\\xiaolan-ai-plugins\\\\target\\\\xiaolan-ai-plugins-0.0.1-SNAPSHOT.jar
1709712827045:add --path file:\\\\project\\\\xiaolan-framework-ai\\\\xiaolan-ai-plugins\\\\target\\\\xiaolan-ai-plugins-0.0.1-SNAPSHOT.jar
1709712829633:hi 1
1709712891470:add --path file:\\\\project\\\\xiaolan-framework-ai\\\\xiaolan-ai-plugins\\\\target\\\\xiaolan-ai-plugins-0.0.1-SNAPSHOT.jar
